13:43:41.325 [main] INFO  EventsLogger.EncryptionLog4JLogger - The encryption of Directory C:\Users\ofeko\IdeaProjects\EncryptionProject\src\main\resources with algorithm ShiftUp is starting
13:43:41.333 [main] INFO  EventsLogger.EncryptionLog4JLogger - The encryption of file C:\Users\ofeko\IdeaProjects\EncryptionProject\src\main\resources\Hi.txt with algorithm ShiftUp is starting
13:43:41.350 [main] INFO  EventsLogger.EncryptionLog4JLogger - The encryption of file C:\Users\ofeko\IdeaProjects\EncryptionProject\src\main\resources\Hi.txt with algorithm ShiftUp took 2 ms. The output file is located in C:\Users\ofeko\IdeaProjects\EncryptionProject\src\main\resources\ShiftUpencrypted\Hi.txt EncryptionEnded
13:43:41.452 [main] INFO  EventsLogger.EncryptionLog4JLogger - The encryption of file C:\Users\ofeko\IdeaProjects\EncryptionProject\src\main\resources\sample1.txt with algorithm ShiftUp is starting
13:43:41.514 [main] INFO  EventsLogger.EncryptionLog4JLogger - The encryption of file C:\Users\ofeko\IdeaProjects\EncryptionProject\src\main\resources\sample1.txt with algorithm ShiftUp took 61 ms. The output file is located in C:\Users\ofeko\IdeaProjects\EncryptionProject\src\main\resources\ShiftUpencrypted\sample1.txt EncryptionEnded
13:43:41.532 [main] INFO  EventsLogger.EncryptionLog4JLogger - The encryption of Directory C:\Users\ofeko\IdeaProjects\EncryptionProject\src\main\resources with algorithm ShiftUp took 223 ms. The output file is located in C:\Users\ofeko\IdeaProjects\EncryptionProject\src\main\resources\ShiftUpencrypted EncryptionEnded
13:43:41.532 [main] INFO  EventsLogger.EncryptionLog4JLogger - The decryption of Directory C:\Users\ofeko\IdeaProjects\EncryptionProject\src\main\resources\ShiftUpencrypted with algorithm ShiftUp is starting
13:43:41.534 [main] INFO  EventsLogger.EncryptionLog4JLogger - The decryption of file C:\Users\ofeko\IdeaProjects\EncryptionProject\src\main\resources\ShiftUpencrypted\Hi.txt with algorithm ShiftUp is starting
13:43:41.534 [main] INFO  EventsLogger.EncryptionLog4JLogger - The decryption of file C:\Users\ofeko\IdeaProjects\EncryptionProject\src\main\resources\ShiftUpencrypted\Hi.txt with algorithm ShiftUp took 0 ms. The output file is located in C:\Users\ofeko\IdeaProjects\EncryptionProject\src\main\resources\ShiftUpdecrypted\Hi.txt DecryptionEnded
13:43:41.611 [main] INFO  EventsLogger.EncryptionLog4JLogger - The decryption of file C:\Users\ofeko\IdeaProjects\EncryptionProject\src\main\resources\ShiftUpencrypted\sample1.txt with algorithm ShiftUp is starting
13:43:41.652 [main] INFO  EventsLogger.EncryptionLog4JLogger - The decryption of file C:\Users\ofeko\IdeaProjects\EncryptionProject\src\main\resources\ShiftUpencrypted\sample1.txt with algorithm ShiftUp took 41 ms. The output file is located in C:\Users\ofeko\IdeaProjects\EncryptionProject\src\main\resources\ShiftUpdecrypted\sample1.txt DecryptionEnded
13:43:41.665 [main] INFO  EventsLogger.EncryptionLog4JLogger - The decryption of Directory C:\Users\ofeko\IdeaProjects\EncryptionProject\src\main\resources\ShiftUpencrypted with algorithm ShiftUp took 133 ms. The output file is located in C:\Users\ofeko\IdeaProjects\EncryptionProject\src\main\resources\ShiftUpdecrypted DecryptionEnded
13:43:41.674 [main] INFO  EventsLogger.EncryptionLog4JLogger - The encryption of Directory C:\Users\ofeko\IdeaProjects\EncryptionProject\src\main\resources with algorithm ShiftUp is starting
13:43:41.676 [Thread-0] INFO  EventsLogger.EncryptionLog4JLogger - The encryption of file C:\Users\ofeko\IdeaProjects\EncryptionProject\src\main\resources\Hi.txt with algorithm ShiftUp is starting
13:43:41.677 [Thread-0] INFO  EventsLogger.EncryptionLog4JLogger - The encryption of file C:\Users\ofeko\IdeaProjects\EncryptionProject\src\main\resources\Hi.txt with algorithm ShiftUp took 1 ms. The output file is located in C:\Users\ofeko\IdeaProjects\EncryptionProject\src\main\resources\ShiftUpEncryptedASynchronized\Hi.txt EncryptionEnded
13:43:41.751 [Thread-1] INFO  EventsLogger.EncryptionLog4JLogger - The encryption of file C:\Users\ofeko\IdeaProjects\EncryptionProject\src\main\resources\sample1.txt with algorithm ShiftUp is starting
13:43:41.770 [Thread-1] INFO  EventsLogger.EncryptionLog4JLogger - The encryption of file C:\Users\ofeko\IdeaProjects\EncryptionProject\src\main\resources\sample1.txt with algorithm ShiftUp took 19 ms. The output file is located in C:\Users\ofeko\IdeaProjects\EncryptionProject\src\main\resources\ShiftUpEncryptedASynchronized\sample1.txt EncryptionEnded
13:43:41.782 [main] INFO  EventsLogger.EncryptionLog4JLogger - The encryption of Directory C:\Users\ofeko\IdeaProjects\EncryptionProject\src\main\resources with algorithm ShiftUp took 109 ms. The output file is located in C:\Users\ofeko\IdeaProjects\EncryptionProject\src\main\resources\ShiftUpEncryptedASynchronized EncryptionEnded
13:43:41.782 [main] INFO  EventsLogger.EncryptionLog4JLogger - The decryption of Directory C:\Users\ofeko\IdeaProjects\EncryptionProject\src\main\resources with algorithm ShiftUp is starting
13:43:41.790 [Thread-2] INFO  EventsLogger.EncryptionLog4JLogger - The decryption of file C:\Users\ofeko\IdeaProjects\EncryptionProject\src\main\resources\ShiftUpEncryptedASynchronized\Hi.txt with algorithm ShiftUp is starting
13:43:41.790 [Thread-2] INFO  EventsLogger.EncryptionLog4JLogger - The decryption of file C:\Users\ofeko\IdeaProjects\EncryptionProject\src\main\resources\ShiftUpEncryptedASynchronized\Hi.txt with algorithm ShiftUp took 0 ms. The output file is located in C:\Users\ofeko\IdeaProjects\EncryptionProject\src\main\resources\ShiftUpDecryptedASynchronized\Hi.txt DecryptionEnded
13:43:41.827 [Thread-3] INFO  EventsLogger.EncryptionLog4JLogger - The decryption of file C:\Users\ofeko\IdeaProjects\EncryptionProject\src\main\resources\ShiftUpEncryptedASynchronized\sample1.txt with algorithm ShiftUp is starting
13:43:41.845 [Thread-3] INFO  EventsLogger.EncryptionLog4JLogger - The decryption of file C:\Users\ofeko\IdeaProjects\EncryptionProject\src\main\resources\ShiftUpEncryptedASynchronized\sample1.txt with algorithm ShiftUp took 18 ms. The output file is located in C:\Users\ofeko\IdeaProjects\EncryptionProject\src\main\resources\ShiftUpDecryptedASynchronized\sample1.txt DecryptionEnded
13:43:41.851 [main] INFO  EventsLogger.EncryptionLog4JLogger - The decryption of Directory C:\Users\ofeko\IdeaProjects\EncryptionProject\src\main\resources with algorithm ShiftUp took 69 ms. The output file is located in C:\Users\ofeko\IdeaProjects\EncryptionProject\src\main\resources\ShiftUpEncryptedASynchronized DecryptionEnded
13:51:22.452 [main] INFO  EventsLogger.EncryptionLog4JLogger - The encryption of Directory C:\Users\ofeko\IdeaProjects\EncryptionProject\src\main\resources with algorithm ShiftUp is starting
13:51:22.466 [main] INFO  EventsLogger.EncryptionLog4JLogger - The encryption of file C:\Users\ofeko\IdeaProjects\EncryptionProject\src\main\resources\Hi.txt with algorithm ShiftUp is starting
13:51:22.491 [main] INFO  EventsLogger.EncryptionLog4JLogger - The encryption of file C:\Users\ofeko\IdeaProjects\EncryptionProject\src\main\resources\Hi.txt with algorithm ShiftUp took 3 ms. The output file is located in C:\Users\ofeko\IdeaProjects\EncryptionProject\src\main\resources\ShiftUpencrypted\Hi.txt EncryptionEnded
13:51:22.681 [main] INFO  EventsLogger.EncryptionLog4JLogger - The encryption of file C:\Users\ofeko\IdeaProjects\EncryptionProject\src\main\resources\sample1.txt with algorithm ShiftUp is starting
13:51:22.777 [main] INFO  EventsLogger.EncryptionLog4JLogger - The encryption of file C:\Users\ofeko\IdeaProjects\EncryptionProject\src\main\resources\sample1.txt with algorithm ShiftUp took 95 ms. The output file is located in C:\Users\ofeko\IdeaProjects\EncryptionProject\src\main\resources\ShiftUpencrypted\sample1.txt EncryptionEnded
13:51:22.807 [main] INFO  EventsLogger.EncryptionLog4JLogger - The encryption of Directory C:\Users\ofeko\IdeaProjects\EncryptionProject\src\main\resources with algorithm ShiftUp took 382 ms. The output file is located in C:\Users\ofeko\IdeaProjects\EncryptionProject\src\main\resources\ShiftUpencrypted EncryptionEnded
13:51:22.807 [main] INFO  EventsLogger.EncryptionLog4JLogger - The decryption of Directory C:\Users\ofeko\IdeaProjects\EncryptionProject\src\main\resources\ShiftUpencrypted with algorithm ShiftUp is starting
13:51:22.817 [main] INFO  EventsLogger.EncryptionLog4JLogger - The decryption of file C:\Users\ofeko\IdeaProjects\EncryptionProject\src\main\resources\ShiftUpencrypted\Hi.txt with algorithm ShiftUp is starting
13:51:22.817 [main] INFO  EventsLogger.EncryptionLog4JLogger - The decryption of file C:\Users\ofeko\IdeaProjects\EncryptionProject\src\main\resources\ShiftUpencrypted\Hi.txt with algorithm ShiftUp took 1 ms. The output file is located in C:\Users\ofeko\IdeaProjects\EncryptionProject\src\main\resources\ShiftUpdecrypted\Hi.txt DecryptionEnded
13:51:22.953 [main] INFO  EventsLogger.EncryptionLog4JLogger - The decryption of file C:\Users\ofeko\IdeaProjects\EncryptionProject\src\main\resources\ShiftUpencrypted\sample1.txt with algorithm ShiftUp is starting
13:51:23.028 [main] INFO  EventsLogger.EncryptionLog4JLogger - The decryption of file C:\Users\ofeko\IdeaProjects\EncryptionProject\src\main\resources\ShiftUpencrypted\sample1.txt with algorithm ShiftUp took 75 ms. The output file is located in C:\Users\ofeko\IdeaProjects\EncryptionProject\src\main\resources\ShiftUpdecrypted\sample1.txt DecryptionEnded
13:51:23.040 [main] INFO  EventsLogger.EncryptionLog4JLogger - The decryption of Directory C:\Users\ofeko\IdeaProjects\EncryptionProject\src\main\resources\ShiftUpencrypted with algorithm ShiftUp took 232 ms. The output file is located in C:\Users\ofeko\IdeaProjects\EncryptionProject\src\main\resources\ShiftUpdecrypted DecryptionEnded
13:51:23.044 [main] INFO  EventsLogger.EncryptionLog4JLogger - The encryption of Directory C:\Users\ofeko\IdeaProjects\EncryptionProject\src\main\resources with algorithm ShiftUp is starting
13:51:23.047 [Thread-0] INFO  EventsLogger.EncryptionLog4JLogger - The encryption of file C:\Users\ofeko\IdeaProjects\EncryptionProject\src\main\resources\Hi.txt with algorithm ShiftUp is starting
13:51:23.048 [Thread-0] INFO  EventsLogger.EncryptionLog4JLogger - The encryption of file C:\Users\ofeko\IdeaProjects\EncryptionProject\src\main\resources\Hi.txt with algorithm ShiftUp took 1 ms. The output file is located in C:\Users\ofeko\IdeaProjects\EncryptionProject\src\main\resources\ShiftUpEncryptedASynchronized\Hi.txt EncryptionEnded
13:51:23.191 [Thread-1] INFO  EventsLogger.EncryptionLog4JLogger - The encryption of file C:\Users\ofeko\IdeaProjects\EncryptionProject\src\main\resources\sample1.txt with algorithm ShiftUp is starting
13:51:23.225 [Thread-1] INFO  EventsLogger.EncryptionLog4JLogger - The encryption of file C:\Users\ofeko\IdeaProjects\EncryptionProject\src\main\resources\sample1.txt with algorithm ShiftUp took 34 ms. The output file is located in C:\Users\ofeko\IdeaProjects\EncryptionProject\src\main\resources\ShiftUpEncryptedASynchronized\sample1.txt EncryptionEnded
13:51:23.237 [main] INFO  EventsLogger.EncryptionLog4JLogger - The encryption of Directory C:\Users\ofeko\IdeaProjects\EncryptionProject\src\main\resources with algorithm ShiftUp took 193 ms. The output file is located in C:\Users\ofeko\IdeaProjects\EncryptionProject\src\main\resources\ShiftUpEncryptedASynchronized EncryptionEnded
13:51:23.237 [main] INFO  EventsLogger.EncryptionLog4JLogger - The decryption of Directory C:\Users\ofeko\IdeaProjects\EncryptionProject\src\main\resources with algorithm ShiftUp is starting
13:51:23.243 [Thread-2] INFO  EventsLogger.EncryptionLog4JLogger - The decryption of file C:\Users\ofeko\IdeaProjects\EncryptionProject\src\main\resources\ShiftUpEncryptedASynchronized\Hi.txt with algorithm ShiftUp is starting
13:51:23.243 [Thread-2] INFO  EventsLogger.EncryptionLog4JLogger - The decryption of file C:\Users\ofeko\IdeaProjects\EncryptionProject\src\main\resources\ShiftUpEncryptedASynchronized\Hi.txt with algorithm ShiftUp took 1 ms. The output file is located in C:\Users\ofeko\IdeaProjects\EncryptionProject\src\main\resources\ShiftUpDecryptedASynchronized\Hi.txt DecryptionEnded
13:51:23.326 [Thread-3] INFO  EventsLogger.EncryptionLog4JLogger - The decryption of file C:\Users\ofeko\IdeaProjects\EncryptionProject\src\main\resources\ShiftUpEncryptedASynchronized\sample1.txt with algorithm ShiftUp is starting
13:51:23.359 [Thread-3] INFO  EventsLogger.EncryptionLog4JLogger - The decryption of file C:\Users\ofeko\IdeaProjects\EncryptionProject\src\main\resources\ShiftUpEncryptedASynchronized\sample1.txt with algorithm ShiftUp took 34 ms. The output file is located in C:\Users\ofeko\IdeaProjects\EncryptionProject\src\main\resources\ShiftUpDecryptedASynchronized\sample1.txt DecryptionEnded
13:51:23.368 [main] INFO  EventsLogger.EncryptionLog4JLogger - The decryption of Directory C:\Users\ofeko\IdeaProjects\EncryptionProject\src\main\resources with algorithm ShiftUp took 131 ms. The output file is located in C:\Users\ofeko\IdeaProjects\EncryptionProject\src\main\resources\ShiftUpEncryptedASynchronized DecryptionEnded
14:46:34.715 [main] INFO  EventsLogger.EncryptionLog4JLogger - The encryption of file C:\Users\ofeko\IdeaProjects\EncryptionProject\src\main\resources\Hi.txt with algorithm ShiftMultiply is starting
14:46:34.966 [main] INFO  EventsLogger.EncryptionLog4JLogger - The encryption of file C:\Users\ofeko\IdeaProjects\EncryptionProject\src\main\resources\Hi.txt with algorithm ShiftMultiply took 250 ms. The output file is located in C:\Users\ofeko\IdeaProjects\EncryptionProject\src\main\resources\EncryptedShiftMultiply.txt EncryptionEnded
14:46:34.974 [main] INFO  EventsLogger.EncryptionLog4JLogger - The decryption of file C:\Users\ofeko\IdeaProjects\EncryptionProject\src\main\resources\EncryptedShiftMultiply.txt with algorithm ShiftMultiply is starting
14:46:34.974 [main] INFO  EventsLogger.EncryptionLog4JLogger - The decryption of file C:\Users\ofeko\IdeaProjects\EncryptionProject\src\main\resources\EncryptedShiftMultiply.txt with algorithm ShiftMultiply took 0 ms. The output file is located in C:\Users\ofeko\IdeaProjects\EncryptionProject\src\main\resources\DecryptedShiftMultiply.txt DecryptionEnded
14:46:34.984 [main] INFO  EventsLogger.EncryptionLog4JLogger - The encryption of file C:\Users\ofeko\IdeaProjects\EncryptionProject\src\main\resources\Hi.txt with algorithm ShiftUp is starting
14:46:34.986 [main] INFO  EventsLogger.EncryptionLog4JLogger - The encryption of file C:\Users\ofeko\IdeaProjects\EncryptionProject\src\main\resources\Hi.txt with algorithm ShiftUp took 2 ms. The output file is located in C:\Users\ofeko\IdeaProjects\EncryptionProject\src\main\resources\EncryptedShiftUp.txt EncryptionEnded
14:46:34.989 [main] INFO  EventsLogger.EncryptionLog4JLogger - The decryption of file C:\Users\ofeko\IdeaProjects\EncryptionProject\src\main\resources\EncryptedShiftUp.txt with algorithm ShiftUp is starting
14:46:34.989 [main] INFO  EventsLogger.EncryptionLog4JLogger - The decryption of file C:\Users\ofeko\IdeaProjects\EncryptionProject\src\main\resources\EncryptedShiftUp.txt with algorithm ShiftUp took 0 ms. The output file is located in C:\Users\ofeko\IdeaProjects\EncryptionProject\src\main\resources\DecryptedShiftUp.txt DecryptionEnded
14:46:34.997 [main] INFO  EventsLogger.EncryptionLog4JLogger - The encryption of file C:\Users\ofeko\IdeaProjects\EncryptionProject\src\main\resources\Hi.txt with algorithm DoubleEncryption is starting
14:46:34.999 [main] INFO  EventsLogger.EncryptionLog4JLogger - The encryption of file C:\Users\ofeko\IdeaProjects\EncryptionProject\src\main\resources\Hi.txt with algorithm DoubleEncryption took 1 ms. The output file is located in C:\Users\ofeko\IdeaProjects\EncryptionProject\src\main\resources\EncryptedDoubleEncryption.txt EncryptionEnded
14:46:35.006 [main] INFO  EventsLogger.EncryptionLog4JLogger - The decryption of file C:\Users\ofeko\IdeaProjects\EncryptionProject\src\main\resources\EncryptedDoubleEncryption.txt with algorithm DoubleEncryption is starting
14:46:35.006 [main] INFO  EventsLogger.EncryptionLog4JLogger - The decryption of file C:\Users\ofeko\IdeaProjects\EncryptionProject\src\main\resources\EncryptedDoubleEncryption.txt with algorithm DoubleEncryption took 0 ms. The output file is located in C:\Users\ofeko\IdeaProjects\EncryptionProject\src\main\resources\DecryptedDoubleEncryption.txt DecryptionEnded
14:46:35.012 [main] INFO  EventsLogger.EncryptionLog4JLogger - The encryption of file C:\Users\ofeko\IdeaProjects\EncryptionProject\src\main\resources\Hi.txt with algorithm null is starting
14:46:35.014 [main] INFO  EventsLogger.EncryptionLog4JLogger - The encryption of file C:\Users\ofeko\IdeaProjects\EncryptionProject\src\main\resources\Hi.txt with algorithm null took 2 ms. The output file is located in C:\Users\ofeko\IdeaProjects\EncryptionProject\src\main\resources\EncryptedRepeatEncryption.txt EncryptionEnded
14:46:35.020 [main] INFO  EventsLogger.EncryptionLog4JLogger - The decryption of file C:\Users\ofeko\IdeaProjects\EncryptionProject\src\main\resources\EncryptedRepeatEncryption.txt with algorithm null is starting
14:46:35.020 [main] INFO  EventsLogger.EncryptionLog4JLogger - The decryption of file C:\Users\ofeko\IdeaProjects\EncryptionProject\src\main\resources\EncryptedRepeatEncryption.txt with algorithm null took 0 ms. The output file is located in C:\Users\ofeko\IdeaProjects\EncryptionProject\src\main\resources\DecryptedRepeatEncryption.txt DecryptionEnded
14:46:35.026 [main] INFO  EventsLogger.EncryptionLog4JLogger - The encryption of file C:\Users\ofeko\IdeaProjects\EncryptionProject\src\main\resources\Hi.txt with algorithm XorEncryption is starting
14:46:35.027 [main] INFO  EventsLogger.EncryptionLog4JLogger - The encryption of file C:\Users\ofeko\IdeaProjects\EncryptionProject\src\main\resources\Hi.txt with algorithm XorEncryption took 1 ms. The output file is located in C:\Users\ofeko\IdeaProjects\EncryptionProject\src\main\resources\EncryptedXorEncryption.txt EncryptionEnded
14:46:35.035 [main] INFO  EventsLogger.EncryptionLog4JLogger - The decryption of file C:\Users\ofeko\IdeaProjects\EncryptionProject\src\main\resources\EncryptedXorEncryption.txt with algorithm XorEncryption is starting
14:46:35.035 [main] INFO  EventsLogger.EncryptionLog4JLogger - The decryption of file C:\Users\ofeko\IdeaProjects\EncryptionProject\src\main\resources\EncryptedXorEncryption.txt with algorithm XorEncryption took 0 ms. The output file is located in C:\Users\ofeko\IdeaProjects\EncryptionProject\src\main\resources\DecryptedXorEncryption.txt DecryptionEnded
14:50:45.149 [main] INFO  EventsLogger.EncryptionLog4JLogger - The encryption of file C:\Users\ofeko\IdeaProjects\EncryptionProject\src\main\resources\Hi.txt with algorithm ShiftMultiply is starting
14:50:45.402 [main] INFO  EventsLogger.EncryptionLog4JLogger - The encryption of file C:\Users\ofeko\IdeaProjects\EncryptionProject\src\main\resources\Hi.txt with algorithm ShiftMultiply took 256 ms. The output file is located in C:\Users\ofeko\IdeaProjects\EncryptionProject\src\main\resources\EncryptedShiftMultiply.txt EncryptionEnded
14:50:45.406 [main] INFO  EventsLogger.EncryptionLog4JLogger - The decryption of file C:\Users\ofeko\IdeaProjects\EncryptionProject\src\main\resources\EncryptedShiftMultiply.txt with algorithm ShiftMultiply is starting
14:50:45.406 [main] INFO  EventsLogger.EncryptionLog4JLogger - The decryption of file C:\Users\ofeko\IdeaProjects\EncryptionProject\src\main\resources\EncryptedShiftMultiply.txt with algorithm ShiftMultiply took 0 ms. The output file is located in C:\Users\ofeko\IdeaProjects\EncryptionProject\src\main\resources\DecryptedShiftMultiply.txt DecryptionEnded
14:50:45.412 [main] INFO  EventsLogger.EncryptionLog4JLogger - The encryption of file C:\Users\ofeko\IdeaProjects\EncryptionProject\src\main\resources\Hi.txt with algorithm ShiftUp is starting
14:50:45.414 [main] INFO  EventsLogger.EncryptionLog4JLogger - The encryption of file C:\Users\ofeko\IdeaProjects\EncryptionProject\src\main\resources\Hi.txt with algorithm ShiftUp took 2 ms. The output file is located in C:\Users\ofeko\IdeaProjects\EncryptionProject\src\main\resources\EncryptedShiftUp.txt EncryptionEnded
14:50:45.417 [main] INFO  EventsLogger.EncryptionLog4JLogger - The decryption of file C:\Users\ofeko\IdeaProjects\EncryptionProject\src\main\resources\EncryptedShiftUp.txt with algorithm ShiftUp is starting
14:50:45.417 [main] INFO  EventsLogger.EncryptionLog4JLogger - The decryption of file C:\Users\ofeko\IdeaProjects\EncryptionProject\src\main\resources\EncryptedShiftUp.txt with algorithm ShiftUp took 0 ms. The output file is located in C:\Users\ofeko\IdeaProjects\EncryptionProject\src\main\resources\DecryptedShiftUp.txt DecryptionEnded
14:50:45.423 [main] INFO  EventsLogger.EncryptionLog4JLogger - The encryption of file C:\Users\ofeko\IdeaProjects\EncryptionProject\src\main\resources\Hi.txt with algorithm DoubleEncryption is starting
14:50:45.424 [main] INFO  EventsLogger.EncryptionLog4JLogger - The encryption of file C:\Users\ofeko\IdeaProjects\EncryptionProject\src\main\resources\Hi.txt with algorithm DoubleEncryption took 1 ms. The output file is located in C:\Users\ofeko\IdeaProjects\EncryptionProject\src\main\resources\EncryptedDoubleEncryption.txt EncryptionEnded
14:50:45.430 [main] INFO  EventsLogger.EncryptionLog4JLogger - The decryption of file C:\Users\ofeko\IdeaProjects\EncryptionProject\src\main\resources\EncryptedDoubleEncryption.txt with algorithm DoubleEncryption is starting
14:50:45.430 [main] INFO  EventsLogger.EncryptionLog4JLogger - The decryption of file C:\Users\ofeko\IdeaProjects\EncryptionProject\src\main\resources\EncryptedDoubleEncryption.txt with algorithm DoubleEncryption took 0 ms. The output file is located in C:\Users\ofeko\IdeaProjects\EncryptionProject\src\main\resources\DecryptedDoubleEncryption.txt DecryptionEnded
14:50:45.437 [main] INFO  EventsLogger.EncryptionLog4JLogger - The encryption of file C:\Users\ofeko\IdeaProjects\EncryptionProject\src\main\resources\Hi.txt with algorithm null is starting
14:50:45.439 [main] INFO  EventsLogger.EncryptionLog4JLogger - The encryption of file C:\Users\ofeko\IdeaProjects\EncryptionProject\src\main\resources\Hi.txt with algorithm null took 3 ms. The output file is located in C:\Users\ofeko\IdeaProjects\EncryptionProject\src\main\resources\EncryptedRepeatEncryption.txt EncryptionEnded
14:50:45.441 [main] INFO  EventsLogger.EncryptionLog4JLogger - The decryption of file C:\Users\ofeko\IdeaProjects\EncryptionProject\src\main\resources\EncryptedRepeatEncryption.txt with algorithm null is starting
14:50:45.442 [main] INFO  EventsLogger.EncryptionLog4JLogger - The decryption of file C:\Users\ofeko\IdeaProjects\EncryptionProject\src\main\resources\EncryptedRepeatEncryption.txt with algorithm null took 1 ms. The output file is located in C:\Users\ofeko\IdeaProjects\EncryptionProject\src\main\resources\DecryptedRepeatEncryption.txt DecryptionEnded
14:50:45.446 [main] INFO  EventsLogger.EncryptionLog4JLogger - The encryption of file C:\Users\ofeko\IdeaProjects\EncryptionProject\src\main\resources\Hi.txt with algorithm XorEncryption is starting
14:50:45.447 [main] INFO  EventsLogger.EncryptionLog4JLogger - The encryption of file C:\Users\ofeko\IdeaProjects\EncryptionProject\src\main\resources\Hi.txt with algorithm XorEncryption took 1 ms. The output file is located in C:\Users\ofeko\IdeaProjects\EncryptionProject\src\main\resources\EncryptedXorEncryption.txt EncryptionEnded
14:50:45.449 [main] INFO  EventsLogger.EncryptionLog4JLogger - The decryption of file C:\Users\ofeko\IdeaProjects\EncryptionProject\src\main\resources\EncryptedXorEncryption.txt with algorithm XorEncryption is starting
14:50:45.450 [main] INFO  EventsLogger.EncryptionLog4JLogger - The decryption of file C:\Users\ofeko\IdeaProjects\EncryptionProject\src\main\resources\EncryptedXorEncryption.txt with algorithm XorEncryption took 1 ms. The output file is located in C:\Users\ofeko\IdeaProjects\EncryptionProject\src\main\resources\DecryptedXorEncryption.txt DecryptionEnded
14:51:32.658 [main] INFO  EventsLogger.EncryptionLog4JLogger - The encryption of file C:\Users\ofeko\IdeaProjects\EncryptionProject\src\main\resources\Hi.txt with algorithm ShiftMultiply is starting
14:51:32.923 [main] INFO  EventsLogger.EncryptionLog4JLogger - The encryption of file C:\Users\ofeko\IdeaProjects\EncryptionProject\src\main\resources\Hi.txt with algorithm ShiftMultiply took 268 ms. The output file is located in C:\Users\ofeko\IdeaProjects\EncryptionProject\src\main\resources\EncryptedShiftMultiply.txt EncryptionEnded
14:51:32.926 [main] INFO  EventsLogger.EncryptionLog4JLogger - The decryption of file C:\Users\ofeko\IdeaProjects\EncryptionProject\src\main\resources\EncryptedShiftMultiply.txt with algorithm ShiftMultiply is starting
14:51:32.926 [main] INFO  EventsLogger.EncryptionLog4JLogger - The decryption of file C:\Users\ofeko\IdeaProjects\EncryptionProject\src\main\resources\EncryptedShiftMultiply.txt with algorithm ShiftMultiply took 0 ms. The output file is located in C:\Users\ofeko\IdeaProjects\EncryptionProject\src\main\resources\DecryptedShiftMultiply.txt DecryptionEnded
14:51:32.932 [main] INFO  EventsLogger.EncryptionLog4JLogger - The encryption of file C:\Users\ofeko\IdeaProjects\EncryptionProject\src\main\resources\Hi.txt with algorithm ShiftUp is starting
14:51:32.934 [main] INFO  EventsLogger.EncryptionLog4JLogger - The encryption of file C:\Users\ofeko\IdeaProjects\EncryptionProject\src\main\resources\Hi.txt with algorithm ShiftUp took 2 ms. The output file is located in C:\Users\ofeko\IdeaProjects\EncryptionProject\src\main\resources\EncryptedShiftUp.txt EncryptionEnded
14:51:32.940 [main] INFO  EventsLogger.EncryptionLog4JLogger - The decryption of file C:\Users\ofeko\IdeaProjects\EncryptionProject\src\main\resources\EncryptedShiftUp.txt with algorithm ShiftUp is starting
14:51:32.940 [main] INFO  EventsLogger.EncryptionLog4JLogger - The decryption of file C:\Users\ofeko\IdeaProjects\EncryptionProject\src\main\resources\EncryptedShiftUp.txt with algorithm ShiftUp took 0 ms. The output file is located in C:\Users\ofeko\IdeaProjects\EncryptionProject\src\main\resources\DecryptedShiftUp.txt DecryptionEnded
14:51:32.946 [main] INFO  EventsLogger.EncryptionLog4JLogger - The encryption of file C:\Users\ofeko\IdeaProjects\EncryptionProject\src\main\resources\Hi.txt with algorithm DoubleEncryption is starting
14:51:32.947 [main] INFO  EventsLogger.EncryptionLog4JLogger - The encryption of file C:\Users\ofeko\IdeaProjects\EncryptionProject\src\main\resources\Hi.txt with algorithm DoubleEncryption took 2 ms. The output file is located in C:\Users\ofeko\IdeaProjects\EncryptionProject\src\main\resources\EncryptedDoubleEncryption.txt EncryptionEnded
14:51:32.954 [main] INFO  EventsLogger.EncryptionLog4JLogger - The decryption of file C:\Users\ofeko\IdeaProjects\EncryptionProject\src\main\resources\EncryptedDoubleEncryption.txt with algorithm DoubleEncryption is starting
14:51:32.955 [main] INFO  EventsLogger.EncryptionLog4JLogger - The decryption of file C:\Users\ofeko\IdeaProjects\EncryptionProject\src\main\resources\EncryptedDoubleEncryption.txt with algorithm DoubleEncryption took 1 ms. The output file is located in C:\Users\ofeko\IdeaProjects\EncryptionProject\src\main\resources\DecryptedDoubleEncryption.txt DecryptionEnded
14:51:32.960 [main] INFO  EventsLogger.EncryptionLog4JLogger - The encryption of file C:\Users\ofeko\IdeaProjects\EncryptionProject\src\main\resources\Hi.txt with algorithm null is starting
14:51:32.961 [main] INFO  EventsLogger.EncryptionLog4JLogger - The encryption of file C:\Users\ofeko\IdeaProjects\EncryptionProject\src\main\resources\Hi.txt with algorithm null took 1 ms. The output file is located in C:\Users\ofeko\IdeaProjects\EncryptionProject\src\main\resources\EncryptedRepeatEncryption.txt EncryptionEnded
14:51:32.963 [main] INFO  EventsLogger.EncryptionLog4JLogger - The decryption of file C:\Users\ofeko\IdeaProjects\EncryptionProject\src\main\resources\EncryptedRepeatEncryption.txt with algorithm null is starting
14:51:32.963 [main] INFO  EventsLogger.EncryptionLog4JLogger - The decryption of file C:\Users\ofeko\IdeaProjects\EncryptionProject\src\main\resources\EncryptedRepeatEncryption.txt with algorithm null took 0 ms. The output file is located in C:\Users\ofeko\IdeaProjects\EncryptionProject\src\main\resources\DecryptedRepeatEncryption.txt DecryptionEnded
14:51:32.968 [main] INFO  EventsLogger.EncryptionLog4JLogger - The encryption of file C:\Users\ofeko\IdeaProjects\EncryptionProject\src\main\resources\Hi.txt with algorithm XorEncryption is starting
14:51:32.970 [main] INFO  EventsLogger.EncryptionLog4JLogger - The encryption of file C:\Users\ofeko\IdeaProjects\EncryptionProject\src\main\resources\Hi.txt with algorithm XorEncryption took 2 ms. The output file is located in C:\Users\ofeko\IdeaProjects\EncryptionProject\src\main\resources\EncryptedXorEncryption.txt EncryptionEnded
14:51:32.976 [main] INFO  EventsLogger.EncryptionLog4JLogger - The decryption of file C:\Users\ofeko\IdeaProjects\EncryptionProject\src\main\resources\EncryptedXorEncryption.txt with algorithm XorEncryption is starting
14:51:32.976 [main] INFO  EventsLogger.EncryptionLog4JLogger - The decryption of file C:\Users\ofeko\IdeaProjects\EncryptionProject\src\main\resources\EncryptedXorEncryption.txt with algorithm XorEncryption took 0 ms. The output file is located in C:\Users\ofeko\IdeaProjects\EncryptionProject\src\main\resources\DecryptedXorEncryption.txt DecryptionEnded
15:09:17.640 [main] INFO  EventsLogger.EncryptionLog4JLogger - The encryption of Directory C:\Users\ofeko\IdeaProjects\EncryptionProject\src\main\resources with algorithm ShiftUp is starting
15:09:17.650 [main] INFO  EventsLogger.EncryptionLog4JLogger - The encryption of file C:\Users\ofeko\IdeaProjects\EncryptionProject\src\main\resources\Hi.txt with algorithm ShiftUp is starting
15:09:17.662 [main] INFO  EventsLogger.EncryptionLog4JLogger - The encryption of file C:\Users\ofeko\IdeaProjects\EncryptionProject\src\main\resources\Hi.txt with algorithm ShiftUp took 0 ms. The output file is located in C:\Users\ofeko\IdeaProjects\EncryptionProject\src\main\resources\ShiftUpencrypted\Hi.txt EncryptionEnded
15:09:17.763 [main] INFO  EventsLogger.EncryptionLog4JLogger - The encryption of file C:\Users\ofeko\IdeaProjects\EncryptionProject\src\main\resources\sample1.txt with algorithm ShiftUp is starting
15:09:17.820 [main] INFO  EventsLogger.EncryptionLog4JLogger - The encryption of file C:\Users\ofeko\IdeaProjects\EncryptionProject\src\main\resources\sample1.txt with algorithm ShiftUp took 57 ms. The output file is located in C:\Users\ofeko\IdeaProjects\EncryptionProject\src\main\resources\ShiftUpencrypted\sample1.txt EncryptionEnded
15:09:17.843 [main] INFO  EventsLogger.EncryptionLog4JLogger - The encryption of Directory C:\Users\ofeko\IdeaProjects\EncryptionProject\src\main\resources with algorithm ShiftUp took 219 ms. The output file is located in C:\Users\ofeko\IdeaProjects\EncryptionProject\src\main\resources\ShiftUpencrypted EncryptionEnded
15:09:17.843 [main] INFO  EventsLogger.EncryptionLog4JLogger - The decryption of Directory C:\Users\ofeko\IdeaProjects\EncryptionProject\src\main\resources\ShiftUpencrypted with algorithm ShiftUp is starting
15:09:17.845 [main] INFO  EventsLogger.EncryptionLog4JLogger - The decryption of file C:\Users\ofeko\IdeaProjects\EncryptionProject\src\main\resources\ShiftUpencrypted\Hi.txt with algorithm ShiftUp is starting
15:09:17.846 [main] INFO  EventsLogger.EncryptionLog4JLogger - The decryption of file C:\Users\ofeko\IdeaProjects\EncryptionProject\src\main\resources\ShiftUpencrypted\Hi.txt with algorithm ShiftUp took 1 ms. The output file is located in C:\Users\ofeko\IdeaProjects\EncryptionProject\src\main\resources\ShiftUpdecrypted\Hi.txt DecryptionEnded
15:09:17.914 [main] INFO  EventsLogger.EncryptionLog4JLogger - The decryption of file C:\Users\ofeko\IdeaProjects\EncryptionProject\src\main\resources\ShiftUpencrypted\sample1.txt with algorithm ShiftUp is starting
15:09:17.954 [main] INFO  EventsLogger.EncryptionLog4JLogger - The decryption of file C:\Users\ofeko\IdeaProjects\EncryptionProject\src\main\resources\ShiftUpencrypted\sample1.txt with algorithm ShiftUp took 40 ms. The output file is located in C:\Users\ofeko\IdeaProjects\EncryptionProject\src\main\resources\ShiftUpdecrypted\sample1.txt DecryptionEnded
15:09:17.968 [main] INFO  EventsLogger.EncryptionLog4JLogger - The decryption of Directory C:\Users\ofeko\IdeaProjects\EncryptionProject\src\main\resources\ShiftUpencrypted with algorithm ShiftUp took 125 ms. The output file is located in C:\Users\ofeko\IdeaProjects\EncryptionProject\src\main\resources\ShiftUpdecrypted DecryptionEnded
15:09:17.971 [main] INFO  EventsLogger.EncryptionLog4JLogger - The encryption of Directory C:\Users\ofeko\IdeaProjects\EncryptionProject\src\main\resources with algorithm ShiftUp is starting
15:09:17.974 [Thread-0] INFO  EventsLogger.EncryptionLog4JLogger - The encryption of file C:\Users\ofeko\IdeaProjects\EncryptionProject\src\main\resources\Hi.txt with algorithm ShiftUp is starting
15:09:17.975 [Thread-0] INFO  EventsLogger.EncryptionLog4JLogger - The encryption of file C:\Users\ofeko\IdeaProjects\EncryptionProject\src\main\resources\Hi.txt with algorithm ShiftUp took 1 ms. The output file is located in C:\Users\ofeko\IdeaProjects\EncryptionProject\src\main\resources\ShiftUpEncryptedASynchronized\Hi.txt EncryptionEnded
15:09:18.052 [Thread-1] INFO  EventsLogger.EncryptionLog4JLogger - The encryption of file C:\Users\ofeko\IdeaProjects\EncryptionProject\src\main\resources\sample1.txt with algorithm ShiftUp is starting
15:09:18.073 [Thread-1] INFO  EventsLogger.EncryptionLog4JLogger - The encryption of file C:\Users\ofeko\IdeaProjects\EncryptionProject\src\main\resources\sample1.txt with algorithm ShiftUp took 21 ms. The output file is located in C:\Users\ofeko\IdeaProjects\EncryptionProject\src\main\resources\ShiftUpEncryptedASynchronized\sample1.txt EncryptionEnded
15:09:18.082 [main] INFO  EventsLogger.EncryptionLog4JLogger - The encryption of Directory C:\Users\ofeko\IdeaProjects\EncryptionProject\src\main\resources with algorithm ShiftUp took 111 ms. The output file is located in C:\Users\ofeko\IdeaProjects\EncryptionProject\src\main\resources\ShiftUpEncryptedASynchronized EncryptionEnded
15:09:18.082 [main] INFO  EventsLogger.EncryptionLog4JLogger - The decryption of Directory C:\Users\ofeko\IdeaProjects\EncryptionProject\src\main\resources with algorithm ShiftUp is starting
15:09:18.085 [Thread-2] INFO  EventsLogger.EncryptionLog4JLogger - The decryption of file C:\Users\ofeko\IdeaProjects\EncryptionProject\src\main\resources\ShiftUpEncryptedASynchronized\Hi.txt with algorithm ShiftUp is starting
15:09:18.086 [Thread-2] INFO  EventsLogger.EncryptionLog4JLogger - The decryption of file C:\Users\ofeko\IdeaProjects\EncryptionProject\src\main\resources\ShiftUpEncryptedASynchronized\Hi.txt with algorithm ShiftUp took 1 ms. The output file is located in C:\Users\ofeko\IdeaProjects\EncryptionProject\src\main\resources\ShiftUpDecryptedASynchronized\Hi.txt DecryptionEnded
15:09:18.144 [Thread-3] INFO  EventsLogger.EncryptionLog4JLogger - The decryption of file C:\Users\ofeko\IdeaProjects\EncryptionProject\src\main\resources\ShiftUpEncryptedASynchronized\sample1.txt with algorithm ShiftUp is starting
15:09:18.166 [Thread-3] INFO  EventsLogger.EncryptionLog4JLogger - The decryption of file C:\Users\ofeko\IdeaProjects\EncryptionProject\src\main\resources\ShiftUpEncryptedASynchronized\sample1.txt with algorithm ShiftUp took 22 ms. The output file is located in C:\Users\ofeko\IdeaProjects\EncryptionProject\src\main\resources\ShiftUpDecryptedASynchronized\sample1.txt DecryptionEnded
15:09:18.172 [main] INFO  EventsLogger.EncryptionLog4JLogger - The decryption of Directory C:\Users\ofeko\IdeaProjects\EncryptionProject\src\main\resources with algorithm ShiftUp took 90 ms. The output file is located in C:\Users\ofeko\IdeaProjects\EncryptionProject\src\main\resources\ShiftUpEncryptedASynchronized DecryptionEnded
15:11:15.258 [main] INFO  EventsLogger.EncryptionLog4JLogger - The encryption of Directory C:\Users\ofeko\IdeaProjects\EncryptionProject\src\main\resources with algorithm ShiftUp is starting
15:11:15.266 [main] INFO  EventsLogger.EncryptionLog4JLogger - The encryption of file C:\Users\ofeko\IdeaProjects\EncryptionProject\src\main\resources\Hi.txt with algorithm ShiftUp is starting
15:11:15.278 [main] INFO  EventsLogger.EncryptionLog4JLogger - The encryption of file C:\Users\ofeko\IdeaProjects\EncryptionProject\src\main\resources\Hi.txt with algorithm ShiftUp took 1 ms. The output file is located in C:\Users\ofeko\IdeaProjects\EncryptionProject\src\main\resources\ShiftUpSyncEncrypted\Hi.txt EncryptionEnded
15:11:15.393 [main] INFO  EventsLogger.EncryptionLog4JLogger - The encryption of file C:\Users\ofeko\IdeaProjects\EncryptionProject\src\main\resources\sample1.txt with algorithm ShiftUp is starting
15:11:15.456 [main] INFO  EventsLogger.EncryptionLog4JLogger - The encryption of file C:\Users\ofeko\IdeaProjects\EncryptionProject\src\main\resources\sample1.txt with algorithm ShiftUp took 64 ms. The output file is located in C:\Users\ofeko\IdeaProjects\EncryptionProject\src\main\resources\ShiftUpSyncEncrypted\sample1.txt EncryptionEnded
15:11:15.479 [main] INFO  EventsLogger.EncryptionLog4JLogger - The encryption of Directory C:\Users\ofeko\IdeaProjects\EncryptionProject\src\main\resources with algorithm ShiftUp took 237 ms. The output file is located in C:\Users\ofeko\IdeaProjects\EncryptionProject\src\main\resources\ShiftUpSyncEncrypted EncryptionEnded
15:11:15.479 [main] INFO  EventsLogger.EncryptionLog4JLogger - The decryption of Directory C:\Users\ofeko\IdeaProjects\EncryptionProject\src\main\resources\ShiftUpSyncEncrypted with algorithm ShiftUp is starting
15:11:15.481 [main] INFO  EventsLogger.EncryptionLog4JLogger - The decryption of file C:\Users\ofeko\IdeaProjects\EncryptionProject\src\main\resources\ShiftUpSyncEncrypted\Hi.txt with algorithm ShiftUp is starting
15:11:15.482 [main] INFO  EventsLogger.EncryptionLog4JLogger - The decryption of file C:\Users\ofeko\IdeaProjects\EncryptionProject\src\main\resources\ShiftUpSyncEncrypted\Hi.txt with algorithm ShiftUp took 1 ms. The output file is located in C:\Users\ofeko\IdeaProjects\EncryptionProject\src\main\resources\ShiftUpSyncDecrypted\Hi.txt DecryptionEnded
15:11:15.569 [main] INFO  EventsLogger.EncryptionLog4JLogger - The decryption of file C:\Users\ofeko\IdeaProjects\EncryptionProject\src\main\resources\ShiftUpSyncEncrypted\sample1.txt with algorithm ShiftUp is starting
15:11:15.614 [main] INFO  EventsLogger.EncryptionLog4JLogger - The decryption of file C:\Users\ofeko\IdeaProjects\EncryptionProject\src\main\resources\ShiftUpSyncEncrypted\sample1.txt with algorithm ShiftUp took 45 ms. The output file is located in C:\Users\ofeko\IdeaProjects\EncryptionProject\src\main\resources\ShiftUpSyncDecrypted\sample1.txt DecryptionEnded
15:11:15.630 [main] INFO  EventsLogger.EncryptionLog4JLogger - The decryption of Directory C:\Users\ofeko\IdeaProjects\EncryptionProject\src\main\resources\ShiftUpSyncEncrypted with algorithm ShiftUp took 151 ms. The output file is located in C:\Users\ofeko\IdeaProjects\EncryptionProject\src\main\resources\ShiftUpSyncDecrypted DecryptionEnded
15:11:15.632 [main] INFO  EventsLogger.EncryptionLog4JLogger - The encryption of Directory C:\Users\ofeko\IdeaProjects\EncryptionProject\src\main\resources with algorithm ShiftUp is starting
15:11:15.635 [Thread-0] INFO  EventsLogger.EncryptionLog4JLogger - The encryption of file C:\Users\ofeko\IdeaProjects\EncryptionProject\src\main\resources\Hi.txt with algorithm ShiftUp is starting
15:11:15.636 [Thread-0] INFO  EventsLogger.EncryptionLog4JLogger - The encryption of file C:\Users\ofeko\IdeaProjects\EncryptionProject\src\main\resources\Hi.txt with algorithm ShiftUp took 1 ms. The output file is located in C:\Users\ofeko\IdeaProjects\EncryptionProject\src\main\resources\ShiftUpEncryptedASynchronized\Hi.txt EncryptionEnded
15:11:15.706 [Thread-1] INFO  EventsLogger.EncryptionLog4JLogger - The encryption of file C:\Users\ofeko\IdeaProjects\EncryptionProject\src\main\resources\sample1.txt with algorithm ShiftUp is starting
15:11:15.724 [Thread-1] INFO  EventsLogger.EncryptionLog4JLogger - The encryption of file C:\Users\ofeko\IdeaProjects\EncryptionProject\src\main\resources\sample1.txt with algorithm ShiftUp took 18 ms. The output file is located in C:\Users\ofeko\IdeaProjects\EncryptionProject\src\main\resources\ShiftUpEncryptedASynchronized\sample1.txt EncryptionEnded
15:11:15.730 [main] INFO  EventsLogger.EncryptionLog4JLogger - The encryption of Directory C:\Users\ofeko\IdeaProjects\EncryptionProject\src\main\resources with algorithm ShiftUp took 98 ms. The output file is located in C:\Users\ofeko\IdeaProjects\EncryptionProject\src\main\resources\ShiftUpEncryptedASynchronized EncryptionEnded
15:11:15.730 [main] INFO  EventsLogger.EncryptionLog4JLogger - The decryption of Directory C:\Users\ofeko\IdeaProjects\EncryptionProject\src\main\resources with algorithm ShiftUp is starting
15:11:15.733 [Thread-2] INFO  EventsLogger.EncryptionLog4JLogger - The decryption of file C:\Users\ofeko\IdeaProjects\EncryptionProject\src\main\resources\ShiftUpEncryptedASynchronized\Hi.txt with algorithm ShiftUp is starting
15:11:15.733 [Thread-2] INFO  EventsLogger.EncryptionLog4JLogger - The decryption of file C:\Users\ofeko\IdeaProjects\EncryptionProject\src\main\resources\ShiftUpEncryptedASynchronized\Hi.txt with algorithm ShiftUp took 0 ms. The output file is located in C:\Users\ofeko\IdeaProjects\EncryptionProject\src\main\resources\ShiftUpDecryptedASynchronized\Hi.txt DecryptionEnded
15:11:15.778 [Thread-3] INFO  EventsLogger.EncryptionLog4JLogger - The decryption of file C:\Users\ofeko\IdeaProjects\EncryptionProject\src\main\resources\ShiftUpEncryptedASynchronized\sample1.txt with algorithm ShiftUp is starting
15:11:15.796 [Thread-3] INFO  EventsLogger.EncryptionLog4JLogger - The decryption of file C:\Users\ofeko\IdeaProjects\EncryptionProject\src\main\resources\ShiftUpEncryptedASynchronized\sample1.txt with algorithm ShiftUp took 18 ms. The output file is located in C:\Users\ofeko\IdeaProjects\EncryptionProject\src\main\resources\ShiftUpDecryptedASynchronized\sample1.txt DecryptionEnded
15:11:15.802 [main] INFO  EventsLogger.EncryptionLog4JLogger - The decryption of Directory C:\Users\ofeko\IdeaProjects\EncryptionProject\src\main\resources with algorithm ShiftUp took 72 ms. The output file is located in C:\Users\ofeko\IdeaProjects\EncryptionProject\src\main\resources\ShiftUpEncryptedASynchronized DecryptionEnded
15:36:05.571 [main] INFO  EventsLogger.EncryptionLog4JLogger - The encryption of Directory C:\Users\ofeko\IdeaProjects\EncryptionProject\src\main\resources with algorithm ShiftUp is starting
15:36:05.580 [main] INFO  EventsLogger.EncryptionLog4JLogger - The encryption of file C:\Users\ofeko\IdeaProjects\EncryptionProject\src\main\resources\Hi.txt with algorithm ShiftUp is starting
15:36:05.594 [main] INFO  EventsLogger.EncryptionLog4JLogger - The encryption of file C:\Users\ofeko\IdeaProjects\EncryptionProject\src\main\resources\Hi.txt with algorithm ShiftUp took 1 ms. The output file is located in C:\Users\ofeko\IdeaProjects\EncryptionProject\src\main\resources\ShiftUpSyncEncrypted\Hi.txt EncryptionEnded
15:36:05.686 [main] INFO  EventsLogger.EncryptionLog4JLogger - The encryption of file C:\Users\ofeko\IdeaProjects\EncryptionProject\src\main\resources\sample1.txt with algorithm ShiftUp is starting
15:36:05.742 [main] INFO  EventsLogger.EncryptionLog4JLogger - The encryption of file C:\Users\ofeko\IdeaProjects\EncryptionProject\src\main\resources\sample1.txt with algorithm ShiftUp took 56 ms. The output file is located in C:\Users\ofeko\IdeaProjects\EncryptionProject\src\main\resources\ShiftUpSyncEncrypted\sample1.txt EncryptionEnded
15:36:05.760 [main] INFO  EventsLogger.EncryptionLog4JLogger - The encryption of Directory C:\Users\ofeko\IdeaProjects\EncryptionProject\src\main\resources with algorithm ShiftUp took 205 ms. The output file is located in C:\Users\ofeko\IdeaProjects\EncryptionProject\src\main\resources\ShiftUpSyncEncrypted EncryptionEnded
15:36:05.760 [main] INFO  EventsLogger.EncryptionLog4JLogger - The decryption of Directory C:\Users\ofeko\IdeaProjects\EncryptionProject\src\main\resources\ShiftUpSyncEncrypted with algorithm ShiftUp is starting
15:36:05.765 [main] INFO  EventsLogger.EncryptionLog4JLogger - The decryption of file C:\Users\ofeko\IdeaProjects\EncryptionProject\src\main\resources\ShiftUpSyncEncrypted\Hi.txt with algorithm ShiftUp is starting
15:36:05.765 [main] INFO  EventsLogger.EncryptionLog4JLogger - The decryption of file C:\Users\ofeko\IdeaProjects\EncryptionProject\src\main\resources\ShiftUpSyncEncrypted\Hi.txt with algorithm ShiftUp took 0 ms. The output file is located in C:\Users\ofeko\IdeaProjects\EncryptionProject\src\main\resources\ShiftUpSyncDecrypted\Hi.txt DecryptionEnded
15:36:05.852 [main] INFO  EventsLogger.EncryptionLog4JLogger - The decryption of file C:\Users\ofeko\IdeaProjects\EncryptionProject\src\main\resources\ShiftUpSyncEncrypted\sample1.txt with algorithm ShiftUp is starting
15:36:05.893 [main] INFO  EventsLogger.EncryptionLog4JLogger - The decryption of file C:\Users\ofeko\IdeaProjects\EncryptionProject\src\main\resources\ShiftUpSyncEncrypted\sample1.txt with algorithm ShiftUp took 41 ms. The output file is located in C:\Users\ofeko\IdeaProjects\EncryptionProject\src\main\resources\ShiftUpSyncDecrypted\sample1.txt DecryptionEnded
15:36:05.907 [main] INFO  EventsLogger.EncryptionLog4JLogger - The decryption of Directory C:\Users\ofeko\IdeaProjects\EncryptionProject\src\main\resources\ShiftUpSyncEncrypted with algorithm ShiftUp took 146 ms. The output file is located in C:\Users\ofeko\IdeaProjects\EncryptionProject\src\main\resources\ShiftUpSyncDecrypted DecryptionEnded
15:36:05.910 [main] INFO  EventsLogger.EncryptionLog4JLogger - The encryption of Directory C:\Users\ofeko\IdeaProjects\EncryptionProject\src\main\resources with algorithm ShiftUp is starting
15:36:05.912 [Thread-0] INFO  EventsLogger.EncryptionLog4JLogger - The encryption of file C:\Users\ofeko\IdeaProjects\EncryptionProject\src\main\resources\Hi.txt with algorithm ShiftUp is starting
15:36:05.913 [Thread-0] INFO  EventsLogger.EncryptionLog4JLogger - The encryption of file C:\Users\ofeko\IdeaProjects\EncryptionProject\src\main\resources\Hi.txt with algorithm ShiftUp took 1 ms. The output file is located in C:\Users\ofeko\IdeaProjects\EncryptionProject\src\main\resources\ShiftUpEncryptedASynchronized\Hi.txt EncryptionEnded
15:36:05.988 [Thread-1] INFO  EventsLogger.EncryptionLog4JLogger - The encryption of file C:\Users\ofeko\IdeaProjects\EncryptionProject\src\main\resources\sample1.txt with algorithm ShiftUp is starting
15:36:06.007 [Thread-1] INFO  EventsLogger.EncryptionLog4JLogger - The encryption of file C:\Users\ofeko\IdeaProjects\EncryptionProject\src\main\resources\sample1.txt with algorithm ShiftUp took 19 ms. The output file is located in C:\Users\ofeko\IdeaProjects\EncryptionProject\src\main\resources\ShiftUpEncryptedASynchronized\sample1.txt EncryptionEnded
15:36:06.013 [main] INFO  EventsLogger.EncryptionLog4JLogger - The encryption of Directory C:\Users\ofeko\IdeaProjects\EncryptionProject\src\main\resources with algorithm ShiftUp took 103 ms. The output file is located in C:\Users\ofeko\IdeaProjects\EncryptionProject\src\main\resources\ShiftUpEncryptedASynchronized EncryptionEnded
15:36:06.013 [main] INFO  EventsLogger.EncryptionLog4JLogger - The decryption of Directory C:\Users\ofeko\IdeaProjects\EncryptionProject\src\main\resources with algorithm ShiftUp is starting
15:36:06.019 [Thread-2] INFO  EventsLogger.EncryptionLog4JLogger - The decryption of file C:\Users\ofeko\IdeaProjects\EncryptionProject\src\main\resources\ShiftUpEncryptedASynchronized\Hi.txt with algorithm ShiftUp is starting
15:36:06.020 [Thread-2] INFO  EventsLogger.EncryptionLog4JLogger - The decryption of file C:\Users\ofeko\IdeaProjects\EncryptionProject\src\main\resources\ShiftUpEncryptedASynchronized\Hi.txt with algorithm ShiftUp took 1 ms. The output file is located in C:\Users\ofeko\IdeaProjects\EncryptionProject\src\main\resources\ShiftUpDecryptedASynchronized\Hi.txt DecryptionEnded
15:36:06.061 [Thread-3] INFO  EventsLogger.EncryptionLog4JLogger - The decryption of file C:\Users\ofeko\IdeaProjects\EncryptionProject\src\main\resources\ShiftUpEncryptedASynchronized\sample1.txt with algorithm ShiftUp is starting
15:36:06.080 [Thread-3] INFO  EventsLogger.EncryptionLog4JLogger - The decryption of file C:\Users\ofeko\IdeaProjects\EncryptionProject\src\main\resources\ShiftUpEncryptedASynchronized\sample1.txt with algorithm ShiftUp took 19 ms. The output file is located in C:\Users\ofeko\IdeaProjects\EncryptionProject\src\main\resources\ShiftUpDecryptedASynchronized\sample1.txt DecryptionEnded
15:36:06.087 [main] INFO  EventsLogger.EncryptionLog4JLogger - The decryption of Directory C:\Users\ofeko\IdeaProjects\EncryptionProject\src\main\resources with algorithm ShiftUp took 74 ms. The output file is located in C:\Users\ofeko\IdeaProjects\EncryptionProject\src\main\resources\ShiftUpEncryptedASynchronized DecryptionEnded
15:45:34.452 [main] INFO  EventsLogger.EncryptionLog4JLogger - The encryption of Directory C:\Users\ofeko\IdeaProjects\EncryptionProject\src\main\resources with algorithm ShiftUp is starting
15:45:34.459 [main] INFO  EventsLogger.EncryptionLog4JLogger - The encryption of file C:\Users\ofeko\IdeaProjects\EncryptionProject\src\main\resources\Hi.txt with algorithm ShiftUp is starting
15:45:34.472 [main] INFO  EventsLogger.EncryptionLog4JLogger - The encryption of file C:\Users\ofeko\IdeaProjects\EncryptionProject\src\main\resources\Hi.txt with algorithm ShiftUp took 1 ms. The output file is located in C:\Users\ofeko\IdeaProjects\EncryptionProject\src\main\resources\ShiftUpSyncEncrypted\Hi.txt EncryptionEnded
15:45:34.582 [main] INFO  EventsLogger.EncryptionLog4JLogger - The encryption of file C:\Users\ofeko\IdeaProjects\EncryptionProject\src\main\resources\sample1.txt with algorithm ShiftUp is starting
15:45:34.651 [main] INFO  EventsLogger.EncryptionLog4JLogger - The encryption of file C:\Users\ofeko\IdeaProjects\EncryptionProject\src\main\resources\sample1.txt with algorithm ShiftUp took 69 ms. The output file is located in C:\Users\ofeko\IdeaProjects\EncryptionProject\src\main\resources\ShiftUpSyncEncrypted\sample1.txt EncryptionEnded
15:45:34.672 [main] INFO  EventsLogger.EncryptionLog4JLogger - The encryption of Directory C:\Users\ofeko\IdeaProjects\EncryptionProject\src\main\resources with algorithm ShiftUp took 236 ms. The output file is located in C:\Users\ofeko\IdeaProjects\EncryptionProject\src\main\resources\ShiftUpSyncEncrypted EncryptionEnded
15:45:34.672 [main] INFO  EventsLogger.EncryptionLog4JLogger - The decryption of Directory C:\Users\ofeko\IdeaProjects\EncryptionProject\src\main\resources\ShiftUpSyncEncrypted with algorithm ShiftUp is starting
15:45:34.674 [main] INFO  EventsLogger.EncryptionLog4JLogger - The decryption of file C:\Users\ofeko\IdeaProjects\EncryptionProject\src\main\resources\ShiftUpSyncEncrypted\Hi.txt with algorithm ShiftUp is starting
15:45:34.674 [main] INFO  EventsLogger.EncryptionLog4JLogger - The decryption of file C:\Users\ofeko\IdeaProjects\EncryptionProject\src\main\resources\ShiftUpSyncEncrypted\Hi.txt with algorithm ShiftUp took 0 ms. The output file is located in C:\Users\ofeko\IdeaProjects\EncryptionProject\src\main\resources\ShiftUpSyncDecrypted\Hi.txt DecryptionEnded
15:45:34.760 [main] INFO  EventsLogger.EncryptionLog4JLogger - The decryption of file C:\Users\ofeko\IdeaProjects\EncryptionProject\src\main\resources\ShiftUpSyncEncrypted\sample1.txt with algorithm ShiftUp is starting
15:45:34.800 [main] INFO  EventsLogger.EncryptionLog4JLogger - The decryption of file C:\Users\ofeko\IdeaProjects\EncryptionProject\src\main\resources\ShiftUpSyncEncrypted\sample1.txt with algorithm ShiftUp took 40 ms. The output file is located in C:\Users\ofeko\IdeaProjects\EncryptionProject\src\main\resources\ShiftUpSyncDecrypted\sample1.txt DecryptionEnded
15:45:34.813 [main] INFO  EventsLogger.EncryptionLog4JLogger - The decryption of Directory C:\Users\ofeko\IdeaProjects\EncryptionProject\src\main\resources\ShiftUpSyncEncrypted with algorithm ShiftUp took 141 ms. The output file is located in C:\Users\ofeko\IdeaProjects\EncryptionProject\src\main\resources\ShiftUpSyncDecrypted DecryptionEnded
15:45:34.817 [main] INFO  EventsLogger.EncryptionLog4JLogger - The encryption of Directory C:\Users\ofeko\IdeaProjects\EncryptionProject\src\main\resources with algorithm ShiftUp is starting
15:45:34.819 [Thread-0] INFO  EventsLogger.EncryptionLog4JLogger - The encryption of file C:\Users\ofeko\IdeaProjects\EncryptionProject\src\main\resources\Hi.txt with algorithm ShiftUp is starting
15:45:34.820 [Thread-0] INFO  EventsLogger.EncryptionLog4JLogger - The encryption of file C:\Users\ofeko\IdeaProjects\EncryptionProject\src\main\resources\Hi.txt with algorithm ShiftUp took 1 ms. The output file is located in C:\Users\ofeko\IdeaProjects\EncryptionProject\src\main\resources\ShiftUpEncryptedASynchronized\Hi.txt EncryptionEnded
15:45:34.887 [Thread-1] INFO  EventsLogger.EncryptionLog4JLogger - The encryption of file C:\Users\ofeko\IdeaProjects\EncryptionProject\src\main\resources\sample1.txt with algorithm ShiftUp is starting
15:45:34.907 [Thread-1] INFO  EventsLogger.EncryptionLog4JLogger - The encryption of file C:\Users\ofeko\IdeaProjects\EncryptionProject\src\main\resources\sample1.txt with algorithm ShiftUp took 20 ms. The output file is located in C:\Users\ofeko\IdeaProjects\EncryptionProject\src\main\resources\ShiftUpEncryptedASynchronized\sample1.txt EncryptionEnded
15:45:34.913 [main] INFO  EventsLogger.EncryptionLog4JLogger - The encryption of Directory C:\Users\ofeko\IdeaProjects\EncryptionProject\src\main\resources with algorithm ShiftUp took 97 ms. The output file is located in C:\Users\ofeko\IdeaProjects\EncryptionProject\src\main\resources\ShiftUpEncryptedASynchronized EncryptionEnded
15:45:34.913 [main] INFO  EventsLogger.EncryptionLog4JLogger - The decryption of Directory C:\Users\ofeko\IdeaProjects\EncryptionProject\src\main\resources with algorithm ShiftUp is starting
15:45:34.921 [Thread-2] INFO  EventsLogger.EncryptionLog4JLogger - The decryption of file C:\Users\ofeko\IdeaProjects\EncryptionProject\src\main\resources\ShiftUpEncryptedASynchronized\Hi.txt with algorithm ShiftUp is starting
15:45:34.921 [Thread-2] INFO  EventsLogger.EncryptionLog4JLogger - The decryption of file C:\Users\ofeko\IdeaProjects\EncryptionProject\src\main\resources\ShiftUpEncryptedASynchronized\Hi.txt with algorithm ShiftUp took 0 ms. The output file is located in C:\Users\ofeko\IdeaProjects\EncryptionProject\src\main\resources\ShiftUpDecryptedASynchronized\Hi.txt DecryptionEnded
15:45:34.961 [Thread-3] INFO  EventsLogger.EncryptionLog4JLogger - The decryption of file C:\Users\ofeko\IdeaProjects\EncryptionProject\src\main\resources\ShiftUpEncryptedASynchronized\sample1.txt with algorithm ShiftUp is starting
15:45:34.979 [Thread-3] INFO  EventsLogger.EncryptionLog4JLogger - The decryption of file C:\Users\ofeko\IdeaProjects\EncryptionProject\src\main\resources\ShiftUpEncryptedASynchronized\sample1.txt with algorithm ShiftUp took 18 ms. The output file is located in C:\Users\ofeko\IdeaProjects\EncryptionProject\src\main\resources\ShiftUpDecryptedASynchronized\sample1.txt DecryptionEnded
15:45:34.985 [main] INFO  EventsLogger.EncryptionLog4JLogger - The decryption of Directory C:\Users\ofeko\IdeaProjects\EncryptionProject\src\main\resources with algorithm ShiftUp took 72 ms. The output file is located in C:\Users\ofeko\IdeaProjects\EncryptionProject\src\main\resources\ShiftUpEncryptedASynchronized DecryptionEnded
16:38:31.744 [main] INFO  EventsLogger.EncryptionLog4JLogger - The encryption of Directory C:\Users\ofeko\IdeaProjects\EncryptionProject\src\main\resources with algorithm ShiftUp is starting
16:38:31.752 [main] INFO  EventsLogger.EncryptionLog4JLogger - The encryption of file C:\Users\ofeko\IdeaProjects\EncryptionProject\src\main\resources\Hi.txt with algorithm ShiftUp is starting
16:38:31.766 [main] INFO  EventsLogger.EncryptionLog4JLogger - The encryption of file C:\Users\ofeko\IdeaProjects\EncryptionProject\src\main\resources\Hi.txt with algorithm ShiftUp took 1 ms. The output file is located in C:\Users\ofeko\IdeaProjects\EncryptionProject\src\main\resources\ShiftUpSyncEncrypted\Hi.txt EncryptionEnded
16:38:31.874 [main] INFO  EventsLogger.EncryptionLog4JLogger - The encryption of file C:\Users\ofeko\IdeaProjects\EncryptionProject\src\main\resources\sample1.txt with algorithm ShiftUp is starting
16:38:31.942 [main] INFO  EventsLogger.EncryptionLog4JLogger - The encryption of file C:\Users\ofeko\IdeaProjects\EncryptionProject\src\main\resources\sample1.txt with algorithm ShiftUp took 68 ms. The output file is located in C:\Users\ofeko\IdeaProjects\EncryptionProject\src\main\resources\ShiftUpSyncEncrypted\sample1.txt EncryptionEnded
16:38:31.959 [main] INFO  EventsLogger.EncryptionLog4JLogger - The encryption of Directory C:\Users\ofeko\IdeaProjects\EncryptionProject\src\main\resources with algorithm ShiftUp took 231 ms. The output file is located in C:\Users\ofeko\IdeaProjects\EncryptionProject\src\main\resources\ShiftUpSyncEncrypted EncryptionEnded
16:38:31.959 [main] INFO  EventsLogger.EncryptionLog4JLogger - The decryption of Directory C:\Users\ofeko\IdeaProjects\EncryptionProject\src\main\resources\ShiftUpSyncEncrypted with algorithm ShiftUp is starting
16:38:31.965 [main] INFO  EventsLogger.EncryptionLog4JLogger - The decryption of file C:\Users\ofeko\IdeaProjects\EncryptionProject\src\main\resources\ShiftUpSyncEncrypted\Hi.txt with algorithm ShiftUp is starting
16:38:31.965 [main] INFO  EventsLogger.EncryptionLog4JLogger - The decryption of file C:\Users\ofeko\IdeaProjects\EncryptionProject\src\main\resources\ShiftUpSyncEncrypted\Hi.txt with algorithm ShiftUp took 1 ms. The output file is located in C:\Users\ofeko\IdeaProjects\EncryptionProject\src\main\resources\ShiftUpSyncDecrypted\Hi.txt DecryptionEnded
16:38:32.038 [main] INFO  EventsLogger.EncryptionLog4JLogger - The decryption of file C:\Users\ofeko\IdeaProjects\EncryptionProject\src\main\resources\ShiftUpSyncEncrypted\sample1.txt with algorithm ShiftUp is starting
16:38:32.079 [main] INFO  EventsLogger.EncryptionLog4JLogger - The decryption of file C:\Users\ofeko\IdeaProjects\EncryptionProject\src\main\resources\ShiftUpSyncEncrypted\sample1.txt with algorithm ShiftUp took 41 ms. The output file is located in C:\Users\ofeko\IdeaProjects\EncryptionProject\src\main\resources\ShiftUpSyncDecrypted\sample1.txt DecryptionEnded
16:38:32.092 [main] INFO  EventsLogger.EncryptionLog4JLogger - The decryption of Directory C:\Users\ofeko\IdeaProjects\EncryptionProject\src\main\resources\ShiftUpSyncEncrypted with algorithm ShiftUp took 133 ms. The output file is located in C:\Users\ofeko\IdeaProjects\EncryptionProject\src\main\resources\ShiftUpSyncDecrypted DecryptionEnded
16:38:32.095 [main] INFO  EventsLogger.EncryptionLog4JLogger - The encryption of Directory C:\Users\ofeko\IdeaProjects\EncryptionProject\src\main\resources with algorithm ShiftUp is starting
16:38:32.104 [pool-2-thread-1] INFO  EventsLogger.EncryptionLog4JLogger - The encryption of file C:\Users\ofeko\IdeaProjects\EncryptionProject\src\main\resources\Hi.txt with algorithm ShiftUp is starting
16:38:32.105 [pool-2-thread-1] INFO  EventsLogger.EncryptionLog4JLogger - The encryption of file C:\Users\ofeko\IdeaProjects\EncryptionProject\src\main\resources\Hi.txt with algorithm ShiftUp took 1 ms. The output file is located in C:\Users\ofeko\IdeaProjects\EncryptionProject\src\main\resources\ShiftUpEncryptedASynchronized\Hi.txt EncryptionEnded
16:38:32.177 [pool-2-thread-2] INFO  EventsLogger.EncryptionLog4JLogger - The encryption of file C:\Users\ofeko\IdeaProjects\EncryptionProject\src\main\resources\sample1.txt with algorithm ShiftUp is starting
16:38:32.196 [pool-2-thread-2] INFO  EventsLogger.EncryptionLog4JLogger - The encryption of file C:\Users\ofeko\IdeaProjects\EncryptionProject\src\main\resources\sample1.txt with algorithm ShiftUp took 19 ms. The output file is located in C:\Users\ofeko\IdeaProjects\EncryptionProject\src\main\resources\ShiftUpEncryptedASynchronized\sample1.txt EncryptionEnded
16:38:32.203 [main] INFO  EventsLogger.EncryptionLog4JLogger - The encryption of Directory C:\Users\ofeko\IdeaProjects\EncryptionProject\src\main\resources with algorithm ShiftUp took 108 ms. The output file is located in C:\Users\ofeko\IdeaProjects\EncryptionProject\src\main\resources\ShiftUpEncryptedASynchronized EncryptionEnded
16:38:32.203 [main] INFO  EventsLogger.EncryptionLog4JLogger - The decryption of Directory C:\Users\ofeko\IdeaProjects\EncryptionProject\src\main\resources with algorithm ShiftUp is starting
16:38:32.212 [pool-3-thread-1] INFO  EventsLogger.EncryptionLog4JLogger - The decryption of file C:\Users\ofeko\IdeaProjects\EncryptionProject\src\main\resources\ShiftUpEncryptedASynchronized\Hi.txt with algorithm ShiftUp is starting
16:38:32.213 [pool-3-thread-1] INFO  EventsLogger.EncryptionLog4JLogger - The decryption of file C:\Users\ofeko\IdeaProjects\EncryptionProject\src\main\resources\ShiftUpEncryptedASynchronized\Hi.txt with algorithm ShiftUp took 1 ms. The output file is located in C:\Users\ofeko\IdeaProjects\EncryptionProject\src\main\resources\ShiftUpDecryptedASynchronized\Hi.txt DecryptionEnded
16:38:32.282 [pool-3-thread-2] INFO  EventsLogger.EncryptionLog4JLogger - The decryption of file C:\Users\ofeko\IdeaProjects\EncryptionProject\src\main\resources\ShiftUpEncryptedASynchronized\sample1.txt with algorithm ShiftUp is starting
16:38:32.299 [pool-3-thread-2] INFO  EventsLogger.EncryptionLog4JLogger - The decryption of file C:\Users\ofeko\IdeaProjects\EncryptionProject\src\main\resources\ShiftUpEncryptedASynchronized\sample1.txt with algorithm ShiftUp took 17 ms. The output file is located in C:\Users\ofeko\IdeaProjects\EncryptionProject\src\main\resources\ShiftUpDecryptedASynchronized\sample1.txt DecryptionEnded
16:38:32.305 [main] INFO  EventsLogger.EncryptionLog4JLogger - The decryption of Directory C:\Users\ofeko\IdeaProjects\EncryptionProject\src\main\resources with algorithm ShiftUp took 102 ms. The output file is located in C:\Users\ofeko\IdeaProjects\EncryptionProject\src\main\resources\ShiftUpEncryptedASynchronized DecryptionEnded
16:40:56.369 [main] INFO  EventsLogger.EncryptionLog4JLogger - The encryption of Directory C:\Users\ofeko\IdeaProjects\EncryptionProject\src\main\resources with algorithm ShiftUp is starting
16:40:56.377 [main] INFO  EventsLogger.EncryptionLog4JLogger - The encryption of file C:\Users\ofeko\IdeaProjects\EncryptionProject\src\main\resources\Hi.txt with algorithm ShiftUp is starting
16:40:56.390 [main] INFO  EventsLogger.EncryptionLog4JLogger - The encryption of file C:\Users\ofeko\IdeaProjects\EncryptionProject\src\main\resources\Hi.txt with algorithm ShiftUp took 1 ms. The output file is located in C:\Users\ofeko\IdeaProjects\EncryptionProject\src\main\resources\ShiftUpSyncEncrypted\Hi.txt EncryptionEnded
16:40:56.483 [main] INFO  EventsLogger.EncryptionLog4JLogger - The encryption of file C:\Users\ofeko\IdeaProjects\EncryptionProject\src\main\resources\sample1.txt with algorithm ShiftUp is starting
16:40:56.544 [main] INFO  EventsLogger.EncryptionLog4JLogger - The encryption of file C:\Users\ofeko\IdeaProjects\EncryptionProject\src\main\resources\sample1.txt with algorithm ShiftUp took 61 ms. The output file is located in C:\Users\ofeko\IdeaProjects\EncryptionProject\src\main\resources\ShiftUpSyncEncrypted\sample1.txt EncryptionEnded
16:40:56.563 [main] INFO  EventsLogger.EncryptionLog4JLogger - The encryption of Directory C:\Users\ofeko\IdeaProjects\EncryptionProject\src\main\resources with algorithm ShiftUp took 210 ms. The output file is located in C:\Users\ofeko\IdeaProjects\EncryptionProject\src\main\resources\ShiftUpSyncEncrypted EncryptionEnded
16:40:56.563 [main] INFO  EventsLogger.EncryptionLog4JLogger - The decryption of Directory C:\Users\ofeko\IdeaProjects\EncryptionProject\src\main\resources\ShiftUpSyncEncrypted with algorithm ShiftUp is starting
16:40:56.565 [main] INFO  EventsLogger.EncryptionLog4JLogger - The decryption of file C:\Users\ofeko\IdeaProjects\EncryptionProject\src\main\resources\ShiftUpSyncEncrypted\Hi.txt with algorithm ShiftUp is starting
16:40:56.565 [main] INFO  EventsLogger.EncryptionLog4JLogger - The decryption of file C:\Users\ofeko\IdeaProjects\EncryptionProject\src\main\resources\ShiftUpSyncEncrypted\Hi.txt with algorithm ShiftUp took 0 ms. The output file is located in C:\Users\ofeko\IdeaProjects\EncryptionProject\src\main\resources\ShiftUpSyncDecrypted\Hi.txt DecryptionEnded
16:40:56.666 [main] INFO  EventsLogger.EncryptionLog4JLogger - The decryption of file C:\Users\ofeko\IdeaProjects\EncryptionProject\src\main\resources\ShiftUpSyncEncrypted\sample1.txt with algorithm ShiftUp is starting
16:40:56.708 [main] INFO  EventsLogger.EncryptionLog4JLogger - The decryption of file C:\Users\ofeko\IdeaProjects\EncryptionProject\src\main\resources\ShiftUpSyncEncrypted\sample1.txt with algorithm ShiftUp took 42 ms. The output file is located in C:\Users\ofeko\IdeaProjects\EncryptionProject\src\main\resources\ShiftUpSyncDecrypted\sample1.txt DecryptionEnded
16:40:56.722 [main] INFO  EventsLogger.EncryptionLog4JLogger - The decryption of Directory C:\Users\ofeko\IdeaProjects\EncryptionProject\src\main\resources\ShiftUpSyncEncrypted with algorithm ShiftUp took 159 ms. The output file is located in C:\Users\ofeko\IdeaProjects\EncryptionProject\src\main\resources\ShiftUpSyncDecrypted DecryptionEnded
16:40:56.725 [main] INFO  EventsLogger.EncryptionLog4JLogger - The encryption of Directory C:\Users\ofeko\IdeaProjects\EncryptionProject\src\main\resources with algorithm ShiftUp is starting
16:40:56.727 [pool-2-thread-1] INFO  EventsLogger.EncryptionLog4JLogger - The encryption of file C:\Users\ofeko\IdeaProjects\EncryptionProject\src\main\resources\Hi.txt with algorithm ShiftUp is starting
16:40:56.728 [pool-2-thread-1] INFO  EventsLogger.EncryptionLog4JLogger - The encryption of file C:\Users\ofeko\IdeaProjects\EncryptionProject\src\main\resources\Hi.txt with algorithm ShiftUp took 1 ms. The output file is located in C:\Users\ofeko\IdeaProjects\EncryptionProject\src\main\resources\ShiftUpEncryptedASynchronized\Hi.txt EncryptionEnded
16:40:56.804 [pool-2-thread-2] INFO  EventsLogger.EncryptionLog4JLogger - The encryption of file C:\Users\ofeko\IdeaProjects\EncryptionProject\src\main\resources\sample1.txt with algorithm ShiftUp is starting
16:40:56.823 [pool-2-thread-2] INFO  EventsLogger.EncryptionLog4JLogger - The encryption of file C:\Users\ofeko\IdeaProjects\EncryptionProject\src\main\resources\sample1.txt with algorithm ShiftUp took 19 ms. The output file is located in C:\Users\ofeko\IdeaProjects\EncryptionProject\src\main\resources\ShiftUpEncryptedASynchronized\sample1.txt EncryptionEnded
16:40:56.830 [main] INFO  EventsLogger.EncryptionLog4JLogger - The encryption of Directory C:\Users\ofeko\IdeaProjects\EncryptionProject\src\main\resources with algorithm ShiftUp took 106 ms. The output file is located in C:\Users\ofeko\IdeaProjects\EncryptionProject\src\main\resources\ShiftUpEncryptedASynchronized EncryptionEnded
16:40:56.831 [main] INFO  EventsLogger.EncryptionLog4JLogger - The decryption of Directory C:\Users\ofeko\IdeaProjects\EncryptionProject\src\main\resources with algorithm ShiftUp is starting
16:40:56.833 [pool-3-thread-1] INFO  EventsLogger.EncryptionLog4JLogger - The decryption of file C:\Users\ofeko\IdeaProjects\EncryptionProject\src\main\resources\ShiftUpEncryptedASynchronized\Hi.txt with algorithm ShiftUp is starting
16:40:56.833 [pool-3-thread-1] INFO  EventsLogger.EncryptionLog4JLogger - The decryption of file C:\Users\ofeko\IdeaProjects\EncryptionProject\src\main\resources\ShiftUpEncryptedASynchronized\Hi.txt with algorithm ShiftUp took 0 ms. The output file is located in C:\Users\ofeko\IdeaProjects\EncryptionProject\src\main\resources\ShiftUpDecryptedASynchronized\Hi.txt DecryptionEnded
16:40:56.904 [pool-3-thread-2] INFO  EventsLogger.EncryptionLog4JLogger - The decryption of file C:\Users\ofeko\IdeaProjects\EncryptionProject\src\main\resources\ShiftUpEncryptedASynchronized\sample1.txt with algorithm ShiftUp is starting
16:40:56.922 [pool-3-thread-2] INFO  EventsLogger.EncryptionLog4JLogger - The decryption of file C:\Users\ofeko\IdeaProjects\EncryptionProject\src\main\resources\ShiftUpEncryptedASynchronized\sample1.txt with algorithm ShiftUp took 18 ms. The output file is located in C:\Users\ofeko\IdeaProjects\EncryptionProject\src\main\resources\ShiftUpDecryptedASynchronized\sample1.txt DecryptionEnded
16:40:56.928 [main] INFO  EventsLogger.EncryptionLog4JLogger - The decryption of Directory C:\Users\ofeko\IdeaProjects\EncryptionProject\src\main\resources with algorithm ShiftUp took 97 ms. The output file is located in C:\Users\ofeko\IdeaProjects\EncryptionProject\src\main\resources\ShiftUpEncryptedASynchronized DecryptionEnded
16:42:44.374 [main] INFO  EventsLogger.EncryptionLog4JLogger - The encryption of Directory C:\Users\ofeko\IdeaProjects\EncryptionProject\src\main\resources with algorithm ShiftUp is starting
16:42:44.380 [main] INFO  EventsLogger.EncryptionLog4JLogger - The encryption of file C:\Users\ofeko\IdeaProjects\EncryptionProject\src\main\resources\Hi.txt with algorithm ShiftUp is starting
16:42:44.394 [main] INFO  EventsLogger.EncryptionLog4JLogger - The encryption of file C:\Users\ofeko\IdeaProjects\EncryptionProject\src\main\resources\Hi.txt with algorithm ShiftUp took 1 ms. The output file is located in C:\Users\ofeko\IdeaProjects\EncryptionProject\src\main\resources\ShiftUpSyncEncrypted\Hi.txt EncryptionEnded
16:42:44.498 [main] INFO  EventsLogger.EncryptionLog4JLogger - The encryption of file C:\Users\ofeko\IdeaProjects\EncryptionProject\src\main\resources\sample1.txt with algorithm ShiftUp is starting
16:42:44.560 [main] INFO  EventsLogger.EncryptionLog4JLogger - The encryption of file C:\Users\ofeko\IdeaProjects\EncryptionProject\src\main\resources\sample1.txt with algorithm ShiftUp took 62 ms. The output file is located in C:\Users\ofeko\IdeaProjects\EncryptionProject\src\main\resources\ShiftUpSyncEncrypted\sample1.txt EncryptionEnded
16:42:44.580 [main] INFO  EventsLogger.EncryptionLog4JLogger - The encryption of Directory C:\Users\ofeko\IdeaProjects\EncryptionProject\src\main\resources with algorithm ShiftUp took 221 ms. The output file is located in C:\Users\ofeko\IdeaProjects\EncryptionProject\src\main\resources\ShiftUpSyncEncrypted EncryptionEnded
16:42:44.580 [main] INFO  EventsLogger.EncryptionLog4JLogger - The decryption of Directory C:\Users\ofeko\IdeaProjects\EncryptionProject\src\main\resources\ShiftUpSyncEncrypted with algorithm ShiftUp is starting
16:42:44.586 [main] INFO  EventsLogger.EncryptionLog4JLogger - The decryption of file C:\Users\ofeko\IdeaProjects\EncryptionProject\src\main\resources\ShiftUpSyncEncrypted\Hi.txt with algorithm ShiftUp is starting
16:42:44.586 [main] INFO  EventsLogger.EncryptionLog4JLogger - The decryption of file C:\Users\ofeko\IdeaProjects\EncryptionProject\src\main\resources\ShiftUpSyncEncrypted\Hi.txt with algorithm ShiftUp took 1 ms. The output file is located in C:\Users\ofeko\IdeaProjects\EncryptionProject\src\main\resources\ShiftUpSyncDecrypted\Hi.txt DecryptionEnded
16:42:44.670 [main] INFO  EventsLogger.EncryptionLog4JLogger - The decryption of file C:\Users\ofeko\IdeaProjects\EncryptionProject\src\main\resources\ShiftUpSyncEncrypted\sample1.txt with algorithm ShiftUp is starting
16:42:44.722 [main] INFO  EventsLogger.EncryptionLog4JLogger - The decryption of file C:\Users\ofeko\IdeaProjects\EncryptionProject\src\main\resources\ShiftUpSyncEncrypted\sample1.txt with algorithm ShiftUp took 52 ms. The output file is located in C:\Users\ofeko\IdeaProjects\EncryptionProject\src\main\resources\ShiftUpSyncDecrypted\sample1.txt DecryptionEnded
16:42:44.735 [main] INFO  EventsLogger.EncryptionLog4JLogger - The decryption of Directory C:\Users\ofeko\IdeaProjects\EncryptionProject\src\main\resources\ShiftUpSyncEncrypted with algorithm ShiftUp took 155 ms. The output file is located in C:\Users\ofeko\IdeaProjects\EncryptionProject\src\main\resources\ShiftUpSyncDecrypted DecryptionEnded
16:42:44.738 [main] INFO  EventsLogger.EncryptionLog4JLogger - The encryption of Directory C:\Users\ofeko\IdeaProjects\EncryptionProject\src\main\resources with algorithm ShiftUp is starting
16:42:44.740 [pool-2-thread-1] INFO  EventsLogger.EncryptionLog4JLogger - The encryption of file C:\Users\ofeko\IdeaProjects\EncryptionProject\src\main\resources\Hi.txt with algorithm ShiftUp is starting
16:42:44.740 [pool-2-thread-1] INFO  EventsLogger.EncryptionLog4JLogger - The encryption of file C:\Users\ofeko\IdeaProjects\EncryptionProject\src\main\resources\Hi.txt with algorithm ShiftUp took 1 ms. The output file is located in C:\Users\ofeko\IdeaProjects\EncryptionProject\src\main\resources\ShiftUpEncryptedASynchronized\Hi.txt EncryptionEnded
16:42:44.807 [pool-2-thread-2] INFO  EventsLogger.EncryptionLog4JLogger - The encryption of file C:\Users\ofeko\IdeaProjects\EncryptionProject\src\main\resources\sample1.txt with algorithm ShiftUp is starting
16:42:44.825 [pool-2-thread-2] INFO  EventsLogger.EncryptionLog4JLogger - The encryption of file C:\Users\ofeko\IdeaProjects\EncryptionProject\src\main\resources\sample1.txt with algorithm ShiftUp took 18 ms. The output file is located in C:\Users\ofeko\IdeaProjects\EncryptionProject\src\main\resources\ShiftUpEncryptedASynchronized\sample1.txt EncryptionEnded
16:42:44.838 [main] INFO  EventsLogger.EncryptionLog4JLogger - The encryption of Directory C:\Users\ofeko\IdeaProjects\EncryptionProject\src\main\resources with algorithm ShiftUp took 100 ms. The output file is located in C:\Users\ofeko\IdeaProjects\EncryptionProject\src\main\resources\ShiftUpEncryptedASynchronized EncryptionEnded
16:42:44.838 [main] INFO  EventsLogger.EncryptionLog4JLogger - The decryption of Directory C:\Users\ofeko\IdeaProjects\EncryptionProject\src\main\resources with algorithm ShiftUp is starting
16:42:44.845 [pool-3-thread-1] INFO  EventsLogger.EncryptionLog4JLogger - The decryption of file C:\Users\ofeko\IdeaProjects\EncryptionProject\src\main\resources\ShiftUpEncryptedASynchronized\Hi.txt with algorithm ShiftUp is starting
16:42:44.846 [pool-3-thread-1] INFO  EventsLogger.EncryptionLog4JLogger - The decryption of file C:\Users\ofeko\IdeaProjects\EncryptionProject\src\main\resources\ShiftUpEncryptedASynchronized\Hi.txt with algorithm ShiftUp took 1 ms. The output file is located in C:\Users\ofeko\IdeaProjects\EncryptionProject\src\main\resources\ShiftUpDecryptedASynchronized\Hi.txt DecryptionEnded
16:42:44.897 [pool-3-thread-2] INFO  EventsLogger.EncryptionLog4JLogger - The decryption of file C:\Users\ofeko\IdeaProjects\EncryptionProject\src\main\resources\ShiftUpEncryptedASynchronized\sample1.txt with algorithm ShiftUp is starting
16:42:44.915 [pool-3-thread-2] INFO  EventsLogger.EncryptionLog4JLogger - The decryption of file C:\Users\ofeko\IdeaProjects\EncryptionProject\src\main\resources\ShiftUpEncryptedASynchronized\sample1.txt with algorithm ShiftUp took 18 ms. The output file is located in C:\Users\ofeko\IdeaProjects\EncryptionProject\src\main\resources\ShiftUpDecryptedASynchronized\sample1.txt DecryptionEnded
16:42:44.921 [main] INFO  EventsLogger.EncryptionLog4JLogger - The decryption of Directory C:\Users\ofeko\IdeaProjects\EncryptionProject\src\main\resources with algorithm ShiftUp took 83 ms. The output file is located in C:\Users\ofeko\IdeaProjects\EncryptionProject\src\main\resources\ShiftUpEncryptedASynchronized DecryptionEnded
16:46:16.808 [main] INFO  EventsLogger.EncryptionLog4JLogger - The encryption of Directory C:\Users\ofeko\IdeaProjects\EncryptionProject\src\main\resources with algorithm ShiftUp is starting
16:46:16.818 [main] INFO  EventsLogger.EncryptionLog4JLogger - The encryption of file C:\Users\ofeko\IdeaProjects\EncryptionProject\src\main\resources\Hi.txt with algorithm ShiftUp is starting
16:46:16.831 [main] INFO  EventsLogger.EncryptionLog4JLogger - The encryption of file C:\Users\ofeko\IdeaProjects\EncryptionProject\src\main\resources\Hi.txt with algorithm ShiftUp took 0 ms. The output file is located in C:\Users\ofeko\IdeaProjects\EncryptionProject\src\main\resources\ShiftUpSyncEncrypted\Hi.txt EncryptionEnded
16:46:16.937 [main] INFO  EventsLogger.EncryptionLog4JLogger - The encryption of file C:\Users\ofeko\IdeaProjects\EncryptionProject\src\main\resources\sample1.txt with algorithm ShiftUp is starting
16:46:16.998 [main] INFO  EventsLogger.EncryptionLog4JLogger - The encryption of file C:\Users\ofeko\IdeaProjects\EncryptionProject\src\main\resources\sample1.txt with algorithm ShiftUp took 61 ms. The output file is located in C:\Users\ofeko\IdeaProjects\EncryptionProject\src\main\resources\ShiftUpSyncEncrypted\sample1.txt EncryptionEnded
16:46:17.019 [main] INFO  EventsLogger.EncryptionLog4JLogger - The encryption of Directory C:\Users\ofeko\IdeaProjects\EncryptionProject\src\main\resources with algorithm ShiftUp took 229 ms. The output file is located in C:\Users\ofeko\IdeaProjects\EncryptionProject\src\main\resources\ShiftUpSyncEncrypted EncryptionEnded
16:46:17.019 [main] INFO  EventsLogger.EncryptionLog4JLogger - The decryption of Directory C:\Users\ofeko\IdeaProjects\EncryptionProject\src\main\resources\ShiftUpSyncEncrypted with algorithm ShiftUp is starting
16:46:17.021 [main] INFO  EventsLogger.EncryptionLog4JLogger - The decryption of file C:\Users\ofeko\IdeaProjects\EncryptionProject\src\main\resources\ShiftUpSyncEncrypted\Hi.txt with algorithm ShiftUp is starting
16:46:17.021 [main] INFO  EventsLogger.EncryptionLog4JLogger - The decryption of file C:\Users\ofeko\IdeaProjects\EncryptionProject\src\main\resources\ShiftUpSyncEncrypted\Hi.txt with algorithm ShiftUp took 0 ms. The output file is located in C:\Users\ofeko\IdeaProjects\EncryptionProject\src\main\resources\ShiftUpSyncDecrypted\Hi.txt DecryptionEnded
16:46:17.101 [main] INFO  EventsLogger.EncryptionLog4JLogger - The decryption of file C:\Users\ofeko\IdeaProjects\EncryptionProject\src\main\resources\ShiftUpSyncEncrypted\sample1.txt with algorithm ShiftUp is starting
16:46:17.141 [main] INFO  EventsLogger.EncryptionLog4JLogger - The decryption of file C:\Users\ofeko\IdeaProjects\EncryptionProject\src\main\resources\ShiftUpSyncEncrypted\sample1.txt with algorithm ShiftUp took 40 ms. The output file is located in C:\Users\ofeko\IdeaProjects\EncryptionProject\src\main\resources\ShiftUpSyncDecrypted\sample1.txt DecryptionEnded
16:46:17.154 [main] INFO  EventsLogger.EncryptionLog4JLogger - The decryption of Directory C:\Users\ofeko\IdeaProjects\EncryptionProject\src\main\resources\ShiftUpSyncEncrypted with algorithm ShiftUp took 135 ms. The output file is located in C:\Users\ofeko\IdeaProjects\EncryptionProject\src\main\resources\ShiftUpSyncDecrypted DecryptionEnded
16:46:17.157 [main] INFO  EventsLogger.EncryptionLog4JLogger - The encryption of Directory C:\Users\ofeko\IdeaProjects\EncryptionProject\src\main\resources with algorithm ShiftUp is starting
16:46:17.160 [pool-2-thread-1] INFO  EventsLogger.EncryptionLog4JLogger - The encryption of file C:\Users\ofeko\IdeaProjects\EncryptionProject\src\main\resources\Hi.txt with algorithm ShiftUp is starting
16:46:17.161 [pool-2-thread-1] INFO  EventsLogger.EncryptionLog4JLogger - The encryption of file C:\Users\ofeko\IdeaProjects\EncryptionProject\src\main\resources\Hi.txt with algorithm ShiftUp took 1 ms. The output file is located in C:\Users\ofeko\IdeaProjects\EncryptionProject\src\main\resources\ShiftUpEncryptedASynchronized\Hi.txt EncryptionEnded
16:46:17.259 [pool-2-thread-2] INFO  EventsLogger.EncryptionLog4JLogger - The encryption of file C:\Users\ofeko\IdeaProjects\EncryptionProject\src\main\resources\sample1.txt with algorithm ShiftUp is starting
16:46:17.280 [pool-2-thread-2] INFO  EventsLogger.EncryptionLog4JLogger - The encryption of file C:\Users\ofeko\IdeaProjects\EncryptionProject\src\main\resources\sample1.txt with algorithm ShiftUp took 21 ms. The output file is located in C:\Users\ofeko\IdeaProjects\EncryptionProject\src\main\resources\ShiftUpEncryptedASynchronized\sample1.txt EncryptionEnded
16:46:17.288 [main] INFO  EventsLogger.EncryptionLog4JLogger - The encryption of Directory C:\Users\ofeko\IdeaProjects\EncryptionProject\src\main\resources with algorithm ShiftUp took 131 ms. The output file is located in C:\Users\ofeko\IdeaProjects\EncryptionProject\src\main\resources\ShiftUpEncryptedASynchronized EncryptionEnded
16:46:17.288 [main] INFO  EventsLogger.EncryptionLog4JLogger - The decryption of Directory C:\Users\ofeko\IdeaProjects\EncryptionProject\src\main\resources with algorithm ShiftUp is starting
16:46:17.291 [pool-3-thread-1] INFO  EventsLogger.EncryptionLog4JLogger - The decryption of file C:\Users\ofeko\IdeaProjects\EncryptionProject\src\main\resources\ShiftUpEncryptedASynchronized\Hi.txt with algorithm ShiftUp is starting
16:46:17.291 [pool-3-thread-1] INFO  EventsLogger.EncryptionLog4JLogger - The decryption of file C:\Users\ofeko\IdeaProjects\EncryptionProject\src\main\resources\ShiftUpEncryptedASynchronized\Hi.txt with algorithm ShiftUp took 0 ms. The output file is located in C:\Users\ofeko\IdeaProjects\EncryptionProject\src\main\resources\ShiftUpDecryptedASynchronized\Hi.txt DecryptionEnded
16:46:17.366 [pool-3-thread-2] INFO  EventsLogger.EncryptionLog4JLogger - The decryption of file C:\Users\ofeko\IdeaProjects\EncryptionProject\src\main\resources\ShiftUpEncryptedASynchronized\sample1.txt with algorithm ShiftUp is starting
16:46:17.384 [pool-3-thread-2] INFO  EventsLogger.EncryptionLog4JLogger - The decryption of file C:\Users\ofeko\IdeaProjects\EncryptionProject\src\main\resources\ShiftUpEncryptedASynchronized\sample1.txt with algorithm ShiftUp took 18 ms. The output file is located in C:\Users\ofeko\IdeaProjects\EncryptionProject\src\main\resources\ShiftUpDecryptedASynchronized\sample1.txt DecryptionEnded
16:46:17.390 [main] INFO  EventsLogger.EncryptionLog4JLogger - The decryption of Directory C:\Users\ofeko\IdeaProjects\EncryptionProject\src\main\resources with algorithm ShiftUp took 102 ms. The output file is located in C:\Users\ofeko\IdeaProjects\EncryptionProject\src\main\resources\ShiftUpEncryptedASynchronized DecryptionEnded
